# Java VM: OpenJDK 64-Bit Server VM (17.0.6+0-b2043.56-10027231, mixed mode, tiered, compressed oops, compressed class ptrs, g1 gc, windows-amd64)
GC Precious Log:
 CPUs: 4 total, 4 available
 Memory: 8089M
 Large Page Support: Disabled
 NUMA Support: Disabled
 Compressed Oops: Enabled (32-bit)
 Heap Region Size: 1M
 Heap Min Capacity: 8M
 Heap Initial Capacity: 128M
 Heap Max Capacity: 2G
 Pre-touch: Disabled
 Parallel Workers: 4
 Concurrent Workers: 1
 Concurrent Refinement Workers: 4
 Periodic GC: Disabled
Heap:
 garbage-first heap   total 68608K, used 46400K [0x0000000080000000, 0x0000000100000000)
  region size 1024K, 19 young (19456K), 4 survivors (4096K)
 Metaspace       used 51223K, committed 51648K, reserved 1097728K
  class space    used 6863K, committed 7040K, reserved 1048576K
GC Heap History (20 events):
Event: 6.910 GC heap before
{Heap before GC invocations=5 (full 0):
 garbage-first heap   total 68608K, used 50190K [0x0000000080000000, 0x0000000100000000)
  region size 1024K, 40 young (40960K), 8 survivors (8192K)
 Metaspace       used 26355K, committed 26688K, reserved 1073152K
  class space    used 3477K, committed 3648K, reserved 1048576K
}
Event: 6.918 GC heap after
{Heap after GC invocations=6 (full 0):
 garbage-first heap   total 68608K, used 20244K [0x0000000080000000, 0x0000000100000000)
  region size 1024K, 3 young (3072K), 3 survivors (3072K)
 Metaspace       used 26355K, committed 26688K, reserved 1073152K
  class space    used 3477K, committed 3648K, reserved 1048576K
}
Event: 6.971 GC heap before
{Heap before GC invocations=6 (full 0):
 garbage-first heap   total 68608K, used 21268K [0x0000000080000000, 0x0000000100000000)
  region size 1024K, 4 young (4096K), 3 survivors (3072K)
 Metaspace       used 26526K, committed 26816K, reserved 1073152K
  class space    used 3504K, committed 3648K, reserved 1048576K
}
Event: 6.976 GC heap after
{Heap after GC invocations=7 (full 0):
 garbage-first heap   total 68608K, used 20307K [0x0000000080000000, 0x0000000100000000)
  region size 1024K, 1 young (1024K), 1 survivors (1024K)
 Metaspace       used 26526K, committed 26816K, reserved 1073152K
  class space    used 3504K, committed 3648K, reserved 1048576K
}
Event: 8.516 GC heap before
{Heap before GC invocations=7 (full 0):
 garbage-first heap   total 68608K, used 46931K [0x0000000080000000, 0x0000000100000000)
  region size 1024K, 27 young (27648K), 1 survivors (1024K)
 Metaspace       used 30630K, committed 30912K, reserved 1081344K
  class space    used 4168K, committed 4288K, reserved 1048576K
}
Event: 8.520 GC heap after
{Heap after GC invocations=8 (full 0):
 garbage-first heap   total 68608K, used 21528K [0x0000000080000000, 0x0000000100000000)
  region size 1024K, 2 young (2048K), 2 survivors (2048K)
 Metaspace       used 30630K, committed 30912K, reserved 1081344K
  class space    used 4168K, committed 4288K, reserved 1048576K
}
Event: 11.347 GC heap before
{Heap before GC invocations=8 (full 0):
 garbage-first heap   total 68608K, used 49176K [0x0000000080000000, 0x0000000100000000)
  region size 1024K, 29 young (29696K), 2 survivors (2048K)
 Metaspace       used 35333K, committed 35712K, reserved 1081344K
  class space    used 4874K, committed 5056K, reserved 1048576K
}
Event: 11.352 GC heap after
{Heap after GC invocations=9 (full 0):
 garbage-first heap   total 68608K, used 23730K [0x0000000080000000, 0x0000000100000000)
  region size 1024K, 4 young (4096K), 4 survivors (4096K)
 Metaspace       used 35333K, committed 35712K, reserved 1081344K
  class space    used 4874K, committed 5056K, reserved 1048576K
}
Event: 11.370 GC heap before
{Heap before GC invocations=9 (full 0):
 garbage-first heap   total 68608K, used 23730K [0x0000000080000000, 0x0000000100000000)
  region size 1024K, 5 young (5120K), 4 survivors (4096K)
 Metaspace       used 35630K, committed 35968K, reserved 1081344K
  class space    used 4877K, committed 5056K, reserved 1048576K
}
Event: 11.375 GC heap after
{Heap after GC invocations=10 (full 0):
 garbage-first heap   total 68608K, used 24108K [0x0000000080000000, 0x0000000100000000)
  region size 1024K, 1 young (1024K), 1 survivors (1024K)
 Metaspace       used 35630K, committed 35968K, reserved 1081344K
  class space    used 4877K, committed 5056K, reserved 1048576K
}
Event: 12.559 GC heap before
{Heap before GC invocations=11 (full 0):
 garbage-first heap   total 68608K, used 51756K [0x0000000080000000, 0x0000000100000000)
  region size 1024K, 29 young (29696K), 1 survivors (1024K)
 Metaspace       used 40435K, committed 40768K, reserved 1089536K
  class space    used 5362K, committed 5504K, reserved 1048576K
}
Event: 12.566 GC heap after
{Heap after GC invocations=12 (full 0):
 garbage-first heap   total 68608K, used 27616K [0x0000000080000000, 0x0000000100000000)
  region size 1024K, 4 young (4096K), 4 survivors (4096K)
 Metaspace       used 40435K, committed 40768K, reserved 1089536K
  class space    used 5362K, committed 5504K, reserved 1048576K
}
Event: 12.575 GC heap before
{Heap before GC invocations=12 (full 0):
 garbage-first heap   total 68608K, used 28640K [0x0000000080000000, 0x0000000100000000)
  region size 1024K, 5 young (5120K), 4 survivors (4096K)
 Metaspace       used 40446K, committed 40768K, reserved 1089536K
  class space    used 5362K, committed 5504K, reserved 1048576K
}
Event: 12.584 GC heap after
{Heap after GC invocations=13 (full 0):
 garbage-first heap   total 68608K, used 27299K [0x0000000080000000, 0x0000000100000000)
  region size 1024K, 1 young (1024K), 1 survivors (1024K)
 Metaspace       used 40446K, committed 40768K, reserved 1089536K
  class space    used 5362K, committed 5504K, reserved 1048576K
}
Event: 14.228 GC heap before
{Heap before GC invocations=13 (full 0):
 garbage-first heap   total 68608K, used 53923K [0x0000000080000000, 0x0000000100000000)
  region size 1024K, 25 young (25600K), 1 survivors (1024K)
 Metaspace       used 43209K, committed 43584K, reserved 1089536K
  class space    used 5672K, committed 5824K, reserved 1048576K
}
Event: 14.231 GC heap after
{Heap after GC invocations=14 (full 0):
 garbage-first heap   total 68608K, used 28889K [0x0000000080000000, 0x0000000100000000)
  region size 1024K, 2 young (2048K), 2 survivors (2048K)
 Metaspace       used 43209K, committed 43584K, reserved 1089536K
  class space    used 5672K, committed 5824K, reserved 1048576K
}
Event: 16.281 GC heap before
{Heap before GC invocations=14 (full 0):
 garbage-first heap   total 68608K, used 52441K [0x0000000080000000, 0x0000000100000000)
  region size 1024K, 25 young (25600K), 2 survivors (2048K)
 Metaspace       used 46124K, committed 46528K, reserved 1089536K
  class space    used 6056K, committed 6272K, reserved 1048576K
}
Event: 16.286 GC heap after
{Heap after GC invocations=15 (full 0):
 garbage-first heap   total 68608K, used 30615K [0x0000000080000000, 0x0000000100000000)
  region size 1024K, 4 young (4096K), 4 survivors (4096K)
 Metaspace       used 46124K, committed 46528K, reserved 1089536K
  class space    used 6056K, committed 6272K, reserved 1048576K
}
Event: 17.695 GC heap before
{Heap before GC invocations=15 (full 0):
 garbage-first heap   total 68608K, used 53143K [0x0000000080000000, 0x0000000100000000)
  region size 1024K, 26 young (26624K), 4 survivors (4096K)
 Metaspace       used 49237K, committed 49664K, reserved 1097728K
  class space    used 6572K, committed 6784K, reserved 1048576K
}
Event: 17.701 GC heap after
{Heap after GC invocations=16 (full 0):
 garbage-first heap   total 68608K, used 32064K [0x0000000080000000, 0x0000000100000000)
  region size 1024K, 4 young (4096K), 4 survivors (4096K)
 Metaspace       used 49237K, committed 49664K, reserved 1097728K
  class space    used 6572K, committed 6784K, reserved 1048576K
}

